c:\users\binsong\desktop\injectcode\injectcode\x64\debug\vc120.pdb
c:\users\binsong\desktop\injectcode\injectcode\x64\debug\vc120.idb
c:\users\binsong\desktop\injectcode\injectcode\x64\debug\main.obj
c:\users\binsong\desktop\injectcode\injectcode\x64\debug\injectdll.obj
c:\users\binsong\desktop\injectcode\injectcode\x64\debug\injectshellcode.obj
c:\users\binsong\desktop\injectcode\injectcode\x64\debug\code.obj
c:\users\binsong\desktop\injectcode\x64\debug\injectcode.pdb
c:\users\binsong\desktop\injectcode\injectcode\x64\debug\injectcode.tlog\cl.command.1.tlog
c:\users\binsong\desktop\injectcode\injectcode\x64\debug\injectcode.tlog\cl.read.1.tlog
c:\users\binsong\desktop\injectcode\injectcode\x64\debug\injectcode.tlog\cl.write.1.tlog
c:\users\binsong\desktop\injectcode\injectcode\x64\debug\injectcode.tlog\injectcode.write.1u.tlog
c:\users\binsong\desktop\injectcode\injectcode\x64\debug\injectcode.tlog\link.424364-cvtres.read.1.tlog
c:\users\binsong\desktop\injectcode\injectcode\x64\debug\injectcode.tlog\link.424364-cvtres.write.1.tlog
c:\users\binsong\desktop\injectcode\injectcode\x64\debug\injectcode.tlog\link.424364-rc.read.1.tlog
c:\users\binsong\desktop\injectcode\injectcode\x64\debug\injectcode.tlog\link.424364-rc.write.1.tlog
c:\users\binsong\desktop\injectcode\injectcode\x64\debug\injectcode.tlog\link.424364.read.1.tlog
c:\users\binsong\desktop\injectcode\injectcode\x64\debug\injectcode.tlog\link.424364.write.1.tlog
c:\users\binsong\desktop\injectcode\injectcode\x64\debug\injectcode.tlog\link.command.1.tlog
c:\users\binsong\desktop\injectcode\injectcode\x64\debug\injectcode.tlog\link.read.1.tlog
c:\users\binsong\desktop\injectcode\injectcode\x64\debug\injectcode.tlog\link.write.1.tlog
