生成启动时间为 1/22/2025 11:04:11 PM。
     1>项目“C:\Users\binsong\Desktop\InjectCode\InjectCode\InjectCode.vcxproj”在节点 2 上(Build 个目标)。
     1>ClCompile:
         D:\ProgramFiles\Microsoft Visual Studio 12.0\VC\bin\CL.exe /c /ZI /nologo /W3 /WX- /Od /Oy- /D WIN32 /D _DEBUG /D _CONSOLE /D _LIB /D _UNICODE /D UNICODE /Gm /EHsc /RTC1 /MDd /GS /fp:precise /Zc:wchar_t /Zc:forScope /Fo"Debug\\" /Fd"Debug\vc120.pdb" /Gd /TP /analyze- /errorReport:prompt InjectDll.cpp InjectShellcode.cpp main.cpp
         main.cpp
         InjectShellcode.cpp
     1>c:\users\binsong\desktop\injectcode\injectcode\injectshellcode.cpp(98): error C2039: “Rsp”: 不是“_CONTEXT”的成员
                 c:\program files (x86)\windows kits\8.1\include\um\winnt.h(5949) : 参见“_CONTEXT”的声明
     1>c:\users\binsong\desktop\injectcode\injectcode\injectshellcode.cpp(108): error C2039: “Rip”: 不是“_CONTEXT”的成员
                 c:\program files (x86)\windows kits\8.1\include\um\winnt.h(5949) : 参见“_CONTEXT”的声明
                 c:\program files (x86)\windows kits\8.1\include\um\winnt.h(5949) : 参见“_CONTEXT”的声明
     1>c:\users\binsong\desktop\injectcode\injectcode\injectshellcode.cpp(108): error C2660: “WriteProcessMemory”: 函数不接受 3 个参数
     1>c:\users\binsong\desktop\injectcode\injectcode\injectshellcode.cpp(109): error C2039: “Rsp”: 不是“_CONTEXT”的成员
                 c:\program files (x86)\windows kits\8.1\include\um\winnt.h(5949) : 参见“_CONTEXT”的声明
                 c:\program files (x86)\windows kits\8.1\include\um\winnt.h(5949) : 参见“_CONTEXT”的声明
     1>c:\users\binsong\desktop\injectcode\injectcode\injectshellcode.cpp(109): error C2660: “WriteProcessMemory”: 函数不接受 3 个参数
     1>c:\users\binsong\desktop\injectcode\injectcode\injectshellcode.cpp(110): error C2039: “Rbp”: 不是“_CONTEXT”的成员
                 c:\program files (x86)\windows kits\8.1\include\um\winnt.h(5949) : 参见“_CONTEXT”的声明
                 c:\program files (x86)\windows kits\8.1\include\um\winnt.h(5949) : 参见“_CONTEXT”的声明
     1>c:\users\binsong\desktop\injectcode\injectcode\injectshellcode.cpp(110): error C2660: “WriteProcessMemory”: 函数不接受 3 个参数
     1>c:\users\binsong\desktop\injectcode\injectcode\injectshellcode.cpp(111): error C2039: “Rax”: 不是“_CONTEXT”的成员
                 c:\program files (x86)\windows kits\8.1\include\um\winnt.h(5949) : 参见“_CONTEXT”的声明
                 c:\program files (x86)\windows kits\8.1\include\um\winnt.h(5949) : 参见“_CONTEXT”的声明
     1>c:\users\binsong\desktop\injectcode\injectcode\injectshellcode.cpp(111): error C2660: “WriteProcessMemory”: 函数不接受 3 个参数
     1>c:\users\binsong\desktop\injectcode\injectcode\injectshellcode.cpp(112): error C2039: “Rbx”: 不是“_CONTEXT”的成员
                 c:\program files (x86)\windows kits\8.1\include\um\winnt.h(5949) : 参见“_CONTEXT”的声明
                 c:\program files (x86)\windows kits\8.1\include\um\winnt.h(5949) : 参见“_CONTEXT”的声明
     1>c:\users\binsong\desktop\injectcode\injectcode\injectshellcode.cpp(112): error C2660: “WriteProcessMemory”: 函数不接受 3 个参数
     1>c:\users\binsong\desktop\injectcode\injectcode\injectshellcode.cpp(113): error C2039: “Rcx”: 不是“_CONTEXT”的成员
                 c:\program files (x86)\windows kits\8.1\include\um\winnt.h(5949) : 参见“_CONTEXT”的声明
                 c:\program files (x86)\windows kits\8.1\include\um\winnt.h(5949) : 参见“_CONTEXT”的声明
     1>c:\users\binsong\desktop\injectcode\injectcode\injectshellcode.cpp(113): error C2660: “WriteProcessMemory”: 函数不接受 3 个参数
     1>c:\users\binsong\desktop\injectcode\injectcode\injectshellcode.cpp(114): error C2039: “Rdx”: 不是“_CONTEXT”的成员
                 c:\program files (x86)\windows kits\8.1\include\um\winnt.h(5949) : 参见“_CONTEXT”的声明
                 c:\program files (x86)\windows kits\8.1\include\um\winnt.h(5949) : 参见“_CONTEXT”的声明
     1>c:\users\binsong\desktop\injectcode\injectcode\injectshellcode.cpp(114): error C2660: “WriteProcessMemory”: 函数不接受 3 个参数
     1>c:\users\binsong\desktop\injectcode\injectcode\injectshellcode.cpp(115): error C2039: “Rsi”: 不是“_CONTEXT”的成员
                 c:\program files (x86)\windows kits\8.1\include\um\winnt.h(5949) : 参见“_CONTEXT”的声明
                 c:\program files (x86)\windows kits\8.1\include\um\winnt.h(5949) : 参见“_CONTEXT”的声明
     1>c:\users\binsong\desktop\injectcode\injectcode\injectshellcode.cpp(115): error C2660: “WriteProcessMemory”: 函数不接受 3 个参数
     1>c:\users\binsong\desktop\injectcode\injectcode\injectshellcode.cpp(116): error C2039: “Rdi”: 不是“_CONTEXT”的成员
                 c:\program files (x86)\windows kits\8.1\include\um\winnt.h(5949) : 参见“_CONTEXT”的声明
                 c:\program files (x86)\windows kits\8.1\include\um\winnt.h(5949) : 参见“_CONTEXT”的声明
     1>c:\users\binsong\desktop\injectcode\injectcode\injectshellcode.cpp(116): error C2660: “WriteProcessMemory”: 函数不接受 3 个参数
     1>c:\users\binsong\desktop\injectcode\injectcode\injectshellcode.cpp(117): error C2039: “R8”: 不是“_CONTEXT”的成员
                 c:\program files (x86)\windows kits\8.1\include\um\winnt.h(5949) : 参见“_CONTEXT”的声明
                 c:\program files (x86)\windows kits\8.1\include\um\winnt.h(5949) : 参见“_CONTEXT”的声明
     1>c:\users\binsong\desktop\injectcode\injectcode\injectshellcode.cpp(117): error C2660: “WriteProcessMemory”: 函数不接受 3 个参数
     1>c:\users\binsong\desktop\injectcode\injectcode\injectshellcode.cpp(118): error C2039: “R9”: 不是“_CONTEXT”的成员
                 c:\program files (x86)\windows kits\8.1\include\um\winnt.h(5949) : 参见“_CONTEXT”的声明
                 c:\program files (x86)\windows kits\8.1\include\um\winnt.h(5949) : 参见“_CONTEXT”的声明
     1>c:\users\binsong\desktop\injectcode\injectcode\injectshellcode.cpp(118): error C2660: “WriteProcessMemory”: 函数不接受 3 个参数
     1>c:\users\binsong\desktop\injectcode\injectcode\injectshellcode.cpp(119): error C2039: “R10”: 不是“_CONTEXT”的成员
                 c:\program files (x86)\windows kits\8.1\include\um\winnt.h(5949) : 参见“_CONTEXT”的声明
                 c:\program files (x86)\windows kits\8.1\include\um\winnt.h(5949) : 参见“_CONTEXT”的声明
     1>c:\users\binsong\desktop\injectcode\injectcode\injectshellcode.cpp(119): error C2660: “WriteProcessMemory”: 函数不接受 3 个参数
     1>c:\users\binsong\desktop\injectcode\injectcode\injectshellcode.cpp(120): error C2039: “R11”: 不是“_CONTEXT”的成员
                 c:\program files (x86)\windows kits\8.1\include\um\winnt.h(5949) : 参见“_CONTEXT”的声明
                 c:\program files (x86)\windows kits\8.1\include\um\winnt.h(5949) : 参见“_CONTEXT”的声明
     1>c:\users\binsong\desktop\injectcode\injectcode\injectshellcode.cpp(120): error C2660: “WriteProcessMemory”: 函数不接受 3 个参数
     1>c:\users\binsong\desktop\injectcode\injectcode\injectshellcode.cpp(121): error C2039: “R12”: 不是“_CONTEXT”的成员
                 c:\program files (x86)\windows kits\8.1\include\um\winnt.h(5949) : 参见“_CONTEXT”的声明
                 c:\program files (x86)\windows kits\8.1\include\um\winnt.h(5949) : 参见“_CONTEXT”的声明
     1>c:\users\binsong\desktop\injectcode\injectcode\injectshellcode.cpp(121): error C2660: “WriteProcessMemory”: 函数不接受 3 个参数
     1>c:\users\binsong\desktop\injectcode\injectcode\injectshellcode.cpp(122): error C2039: “R13”: 不是“_CONTEXT”的成员
                 c:\program files (x86)\windows kits\8.1\include\um\winnt.h(5949) : 参见“_CONTEXT”的声明
                 c:\program files (x86)\windows kits\8.1\include\um\winnt.h(5949) : 参见“_CONTEXT”的声明
     1>c:\users\binsong\desktop\injectcode\injectcode\injectshellcode.cpp(122): error C2660: “WriteProcessMemory”: 函数不接受 3 个参数
     1>c:\users\binsong\desktop\injectcode\injectcode\injectshellcode.cpp(123): error C2039: “R14”: 不是“_CONTEXT”的成员
                 c:\program files (x86)\windows kits\8.1\include\um\winnt.h(5949) : 参见“_CONTEXT”的声明
                 c:\program files (x86)\windows kits\8.1\include\um\winnt.h(5949) : 参见“_CONTEXT”的声明
     1>c:\users\binsong\desktop\injectcode\injectcode\injectshellcode.cpp(123): error C2660: “WriteProcessMemory”: 函数不接受 3 个参数
     1>c:\users\binsong\desktop\injectcode\injectcode\injectshellcode.cpp(124): error C2039: “R15”: 不是“_CONTEXT”的成员
                 c:\program files (x86)\windows kits\8.1\include\um\winnt.h(5949) : 参见“_CONTEXT”的声明
                 c:\program files (x86)\windows kits\8.1\include\um\winnt.h(5949) : 参见“_CONTEXT”的声明
     1>c:\users\binsong\desktop\injectcode\injectcode\injectshellcode.cpp(124): error C2660: “WriteProcessMemory”: 函数不接受 3 个参数
     1>c:\users\binsong\desktop\injectcode\injectcode\injectshellcode.cpp(136): error C2039: “Xmm15”: 不是“_CONTEXT”的成员
                 c:\program files (x86)\windows kits\8.1\include\um\winnt.h(5949) : 参见“_CONTEXT”的声明
                 c:\program files (x86)\windows kits\8.1\include\um\winnt.h(5949) : 参见“_CONTEXT”的声明
     1>c:\users\binsong\desktop\injectcode\injectcode\injectshellcode.cpp(136): error C2660: “WriteProcessMemory”: 函数不接受 3 个参数
     1>c:\users\binsong\desktop\injectcode\injectcode\injectshellcode.cpp(137): error C2039: “Xmm14”: 不是“_CONTEXT”的成员
                 c:\program files (x86)\windows kits\8.1\include\um\winnt.h(5949) : 参见“_CONTEXT”的声明
                 c:\program files (x86)\windows kits\8.1\include\um\winnt.h(5949) : 参见“_CONTEXT”的声明
     1>c:\users\binsong\desktop\injectcode\injectcode\injectshellcode.cpp(137): error C2660: “WriteProcessMemory”: 函数不接受 3 个参数
     1>c:\users\binsong\desktop\injectcode\injectcode\injectshellcode.cpp(138): error C2039: “Xmm13”: 不是“_CONTEXT”的成员
                 c:\program files (x86)\windows kits\8.1\include\um\winnt.h(5949) : 参见“_CONTEXT”的声明
                 c:\program files (x86)\windows kits\8.1\include\um\winnt.h(5949) : 参见“_CONTEXT”的声明
     1>c:\users\binsong\desktop\injectcode\injectcode\injectshellcode.cpp(138): error C2660: “WriteProcessMemory”: 函数不接受 3 个参数
     1>c:\users\binsong\desktop\injectcode\injectcode\injectshellcode.cpp(139): error C2039: “Xmm12”: 不是“_CONTEXT”的成员
                 c:\program files (x86)\windows kits\8.1\include\um\winnt.h(5949) : 参见“_CONTEXT”的声明
                 c:\program files (x86)\windows kits\8.1\include\um\winnt.h(5949) : 参见“_CONTEXT”的声明
     1>c:\users\binsong\desktop\injectcode\injectcode\injectshellcode.cpp(139): error C2660: “WriteProcessMemory”: 函数不接受 3 个参数
     1>c:\users\binsong\desktop\injectcode\injectcode\injectshellcode.cpp(140): error C2039: “Xmm11”: 不是“_CONTEXT”的成员
                 c:\program files (x86)\windows kits\8.1\include\um\winnt.h(5949) : 参见“_CONTEXT”的声明
                 c:\program files (x86)\windows kits\8.1\include\um\winnt.h(5949) : 参见“_CONTEXT”的声明
     1>c:\users\binsong\desktop\injectcode\injectcode\injectshellcode.cpp(140): error C2660: “WriteProcessMemory”: 函数不接受 3 个参数
     1>c:\users\binsong\desktop\injectcode\injectcode\injectshellcode.cpp(141): error C2039: “Xmm10”: 不是“_CONTEXT”的成员
                 c:\program files (x86)\windows kits\8.1\include\um\winnt.h(5949) : 参见“_CONTEXT”的声明
                 c:\program files (x86)\windows kits\8.1\include\um\winnt.h(5949) : 参见“_CONTEXT”的声明
     1>c:\users\binsong\desktop\injectcode\injectcode\injectshellcode.cpp(141): error C2660: “WriteProcessMemory”: 函数不接受 3 个参数
     1>c:\users\binsong\desktop\injectcode\injectcode\injectshellcode.cpp(142): error C2039: “Xmm9”: 不是“_CONTEXT”的成员
                 c:\program files (x86)\windows kits\8.1\include\um\winnt.h(5949) : 参见“_CONTEXT”的声明
                 c:\program files (x86)\windows kits\8.1\include\um\winnt.h(5949) : 参见“_CONTEXT”的声明
     1>c:\users\binsong\desktop\injectcode\injectcode\injectshellcode.cpp(142): error C2660: “WriteProcessMemory”: 函数不接受 3 个参数
     1>c:\users\binsong\desktop\injectcode\injectcode\injectshellcode.cpp(143): error C2039: “Xmm8”: 不是“_CONTEXT”的成员
                 c:\program files (x86)\windows kits\8.1\include\um\winnt.h(5949) : 参见“_CONTEXT”的声明
                 c:\program files (x86)\windows kits\8.1\include\um\winnt.h(5949) : 参见“_CONTEXT”的声明
     1>c:\users\binsong\desktop\injectcode\injectcode\injectshellcode.cpp(143): error C2660: “WriteProcessMemory”: 函数不接受 3 个参数
     1>c:\users\binsong\desktop\injectcode\injectcode\injectshellcode.cpp(144): error C2039: “Xmm7”: 不是“_CONTEXT”的成员
                 c:\program files (x86)\windows kits\8.1\include\um\winnt.h(5949) : 参见“_CONTEXT”的声明
                 c:\program files (x86)\windows kits\8.1\include\um\winnt.h(5949) : 参见“_CONTEXT”的声明
     1>c:\users\binsong\desktop\injectcode\injectcode\injectshellcode.cpp(144): error C2660: “WriteProcessMemory”: 函数不接受 3 个参数
     1>c:\users\binsong\desktop\injectcode\injectcode\injectshellcode.cpp(145): error C2039: “Xmm6”: 不是“_CONTEXT”的成员
                 c:\program files (x86)\windows kits\8.1\include\um\winnt.h(5949) : 参见“_CONTEXT”的声明
                 c:\program files (x86)\windows kits\8.1\include\um\winnt.h(5949) : 参见“_CONTEXT”的声明
     1>c:\users\binsong\desktop\injectcode\injectcode\injectshellcode.cpp(145): error C2660: “WriteProcessMemory”: 函数不接受 3 个参数
     1>c:\users\binsong\desktop\injectcode\injectcode\injectshellcode.cpp(146): error C2039: “Xmm5”: 不是“_CONTEXT”的成员
                 c:\program files (x86)\windows kits\8.1\include\um\winnt.h(5949) : 参见“_CONTEXT”的声明
                 c:\program files (x86)\windows kits\8.1\include\um\winnt.h(5949) : 参见“_CONTEXT”的声明
     1>c:\users\binsong\desktop\injectcode\injectcode\injectshellcode.cpp(146): error C2660: “WriteProcessMemory”: 函数不接受 3 个参数
     1>c:\users\binsong\desktop\injectcode\injectcode\injectshellcode.cpp(147): error C2039: “Xmm4”: 不是“_CONTEXT”的成员
                 c:\program files (x86)\windows kits\8.1\include\um\winnt.h(5949) : 参见“_CONTEXT”的声明
                 c:\program files (x86)\windows kits\8.1\include\um\winnt.h(5949) : 参见“_CONTEXT”的声明
     1>c:\users\binsong\desktop\injectcode\injectcode\injectshellcode.cpp(147): error C2660: “WriteProcessMemory”: 函数不接受 3 个参数
     1>c:\users\binsong\desktop\injectcode\injectcode\injectshellcode.cpp(148): error C2039: “Xmm3”: 不是“_CONTEXT”的成员
                 c:\program files (x86)\windows kits\8.1\include\um\winnt.h(5949) : 参见“_CONTEXT”的声明
                 c:\program files (x86)\windows kits\8.1\include\um\winnt.h(5949) : 参见“_CONTEXT”的声明
     1>c:\users\binsong\desktop\injectcode\injectcode\injectshellcode.cpp(148): error C2660: “WriteProcessMemory”: 函数不接受 3 个参数
     1>c:\users\binsong\desktop\injectcode\injectcode\injectshellcode.cpp(149): error C2039: “Xmm2”: 不是“_CONTEXT”的成员
                 c:\program files (x86)\windows kits\8.1\include\um\winnt.h(5949) : 参见“_CONTEXT”的声明
                 c:\program files (x86)\windows kits\8.1\include\um\winnt.h(5949) : 参见“_CONTEXT”的声明
     1>c:\users\binsong\desktop\injectcode\injectcode\injectshellcode.cpp(149): error C2660: “WriteProcessMemory”: 函数不接受 3 个参数
     1>c:\users\binsong\desktop\injectcode\injectcode\injectshellcode.cpp(150): error C2039: “Xmm1”: 不是“_CONTEXT”的成员
                 c:\program files (x86)\windows kits\8.1\include\um\winnt.h(5949) : 参见“_CONTEXT”的声明
                 c:\program files (x86)\windows kits\8.1\include\um\winnt.h(5949) : 参见“_CONTEXT”的声明
     1>c:\users\binsong\desktop\injectcode\injectcode\injectshellcode.cpp(150): error C2660: “WriteProcessMemory”: 函数不接受 3 个参数
     1>c:\users\binsong\desktop\injectcode\injectcode\injectshellcode.cpp(151): error C2039: “Xmm0”: 不是“_CONTEXT”的成员
                 c:\program files (x86)\windows kits\8.1\include\um\winnt.h(5949) : 参见“_CONTEXT”的声明
                 c:\program files (x86)\windows kits\8.1\include\um\winnt.h(5949) : 参见“_CONTEXT”的声明
     1>c:\users\binsong\desktop\injectcode\injectcode\injectshellcode.cpp(151): error C2660: “WriteProcessMemory”: 函数不接受 3 个参数
     1>c:\users\binsong\desktop\injectcode\injectcode\injectshellcode.cpp(194): error C2039: “Rsp”: 不是“_CONTEXT”的成员
                 c:\program files (x86)\windows kits\8.1\include\um\winnt.h(5949) : 参见“_CONTEXT”的声明
     1>c:\users\binsong\desktop\injectcode\injectcode\injectshellcode.cpp(195): error C2039: “Rip”: 不是“_CONTEXT”的成员
                 c:\program files (x86)\windows kits\8.1\include\um\winnt.h(5949) : 参见“_CONTEXT”的声明
         InjectDll.cpp
         正在生成代码...
     1>已完成生成项目“C:\Users\binsong\Desktop\InjectCode\InjectCode\InjectCode.vcxproj”(Build 个目标)的操作 - 失败。

生成失败。

已用时间 00:00:00.94
